
*** Running vivado
    with args -log NEXYS4_DDR.vds -m64 -product Vivado -mode batch -messageDb vivado.pb -notrace -source NEXYS4_DDR.tcl


****** Vivado v2019.1 (64-bit)
  **** SW Build 2552052 on Fri May 24 14:49:42 MDT 2019
  **** IP Build 2548770 on Fri May 24 18:01:18 MDT 2019
    ** Copyright 1986-2019 Xilinx, Inc. All Rights Reserved.

source NEXYS4_DDR.tcl -notrace
Command: synth_design -top NEXYS4_DDR -part xc7a100tcsg324-3
Starting synth_design
Attempting to get a license for feature 'Synthesis' and/or device 'xc7a100t'
INFO: [Common 17-349] Got license for feature 'Synthesis' and/or device 'xc7a100t'
INFO: [Device 21-403] Loading part xc7a100tcsg324-3
INFO: Launching helper process for spawning children vivado processes
INFO: Helper process launched with PID 21244 
---------------------------------------------------------------------------------
Starting RTL Elaboration : Time (s): cpu = 00:00:01 ; elapsed = 00:00:02 . Memory (MB): peak = 755.148 ; gain = 178.855
---------------------------------------------------------------------------------
INFO: [Synth 8-6157] synthesizing module 'NEXYS4_DDR' [C:/ProgsData/Data/Labs/Vivado/activecore/designs/rtl/udm/syn/NEXYS4_DDR/NEXYS4_DDR.sv:24]
	Parameter SIM bound to: NO - type: string 
	Parameter UDM_BUS_TIMEOUT bound to: 104857600 - type: integer 
	Parameter UDM_RTX_EXTERNAL_OVERRIDE bound to: NO - type: string 
	Parameter CSR_LED_ADDR bound to: 0 - type: integer 
	Parameter CSR_SW_ADDR bound to: 4 - type: integer 
	Parameter TESTMEM_ADDR bound to: -2147483648 - type: integer 
	Parameter CSR_MATH_ADDR bound to: 536870912 - type: integer 
	Parameter TESTMEM_WSIZE_POW bound to: 10 - type: integer 
	Parameter TESTMEM_WSIZE bound to: 1024 - type: integer 
	Parameter CSR_MATH_SIZE bound to: 80 - type: integer 
	Parameter CSR_MATH_MAT1_MAX bound to: 536870944 - type: integer 
	Parameter CSR_MATH_MAT2_MAX bound to: 536870976 - type: integer 
	Parameter CSR_MATH_RES_MAX bound to: 536870992 - type: integer 
	Parameter CSR_MATH_START bound to: 536870996 - type: integer 
INFO: [Synth 8-6157] synthesizing module 'MemSplit32' [C:/ProgsData/Data/Labs/Vivado/activecore/designs/rtl/udm/syn/NEXYS4_DDR/NEXYS4_DDR.sv:9]
INFO: [Synth 8-6155] done synthesizing module 'MemSplit32' (0#1) [C:/ProgsData/Data/Labs/Vivado/activecore/designs/rtl/udm/syn/NEXYS4_DDR/NEXYS4_DDR.sv:9]
INFO: [Synth 8-6157] synthesizing module 'sys_clk' [C:/ProgsData/Data/Labs/Vivado/activecore/designs/rtl/udm/syn/NEXYS4_DDR/NEXYS4_DDR.runs/synth_1/.Xil/Vivado-2232-mike-laptop/realtime/sys_clk_stub.v:5]
INFO: [Synth 8-6155] done synthesizing module 'sys_clk' (1#1) [C:/ProgsData/Data/Labs/Vivado/activecore/designs/rtl/udm/syn/NEXYS4_DDR/NEXYS4_DDR.runs/synth_1/.Xil/Vivado-2232-mike-laptop/realtime/sys_clk_stub.v:5]
INFO: [Synth 8-6157] synthesizing module 'reset_sync' [C:/ProgsData/Data/Labs/Vivado/activecore/designs/rtl/reset_sync/reset_sync.v:1]
	Parameter SYNC_STAGES bound to: 4 - type: integer 
INFO: [Synth 8-6155] done synthesizing module 'reset_sync' (2#1) [C:/ProgsData/Data/Labs/Vivado/activecore/designs/rtl/reset_sync/reset_sync.v:1]
INFO: [Synth 8-6157] synthesizing module 'udm' [C:/ProgsData/Data/Labs/Vivado/activecore/designs/rtl/udm/hw/udm.v:10]
	Parameter BUS_TIMEOUT bound to: 104857600 - type: integer 
	Parameter RTX_EXTERNAL_OVERRIDE bound to: NO - type: string 
INFO: [Synth 8-6157] synthesizing module 'uart_rx' [C:/ProgsData/Data/Labs/Vivado/activecore/designs/rtl/udm/hw/uart_rx.v:10]
	Parameter RTX_EXTERNAL_OVERRIDE bound to: NO - type: string 
	Parameter ST_NOSYNC bound to: 4'b0000 
	Parameter ST_NOSYNC_WAIT1_1 bound to: 4'b0001 
	Parameter ST_NOSYNC_WAIT0_2 bound to: 4'b0010 
	Parameter ST_NOSYNC_WAIT1_3 bound to: 4'b0011 
	Parameter ST_NOSYNC_WAIT0_4 bound to: 4'b0100 
	Parameter ST_NOSYNC_WAIT1_5 bound to: 4'b0101 
	Parameter ST_NOSYNC_WAIT0_6 bound to: 4'b0110 
	Parameter ST_NOSYNC_WAIT1_7 bound to: 4'b0111 
	Parameter ST_NOSYNC_WAIT0_8 bound to: 4'b1000 
	Parameter ST_NOSYNC_WAIT_STOP bound to: 4'b1001 
	Parameter ST_SYNC bound to: 4'b1010 
	Parameter ST_SYNC_WAIT_START bound to: 4'b1011 
	Parameter ST_SYNC_RX_DATA bound to: 4'b1100 
	Parameter ST_SYNC_WAIT_STOP bound to: 4'b1101 
INFO: [Synth 8-155] case statement is not full and has no default [C:/ProgsData/Data/Labs/Vivado/activecore/designs/rtl/udm/hw/uart_rx.v:68]
INFO: [Synth 8-6155] done synthesizing module 'uart_rx' (3#1) [C:/ProgsData/Data/Labs/Vivado/activecore/designs/rtl/udm/hw/uart_rx.v:10]
INFO: [Synth 8-6157] synthesizing module 'uart_tx' [C:/ProgsData/Data/Labs/Vivado/activecore/designs/rtl/udm/hw/uart_tx.v:10]
	Parameter RTX_EXTERNAL_OVERRIDE bound to: NO - type: string 
	Parameter ST_IDLE bound to: 8'b00000000 
	Parameter ST_START bound to: 8'b00000001 
	Parameter ST_TX_DATA bound to: 8'b00000010 
	Parameter ST_STOP bound to: 8'b00000011 
INFO: [Synth 8-155] case statement is not full and has no default [C:/ProgsData/Data/Labs/Vivado/activecore/designs/rtl/udm/hw/uart_tx.v:53]
INFO: [Synth 8-6155] done synthesizing module 'uart_tx' (4#1) [C:/ProgsData/Data/Labs/Vivado/activecore/designs/rtl/udm/hw/uart_tx.v:10]
INFO: [Synth 8-6157] synthesizing module 'udm_controller' [C:/ProgsData/Data/Labs/Vivado/activecore/designs/rtl/udm/hw/udm_controller.v:10]
	Parameter BUS_TIMEOUT bound to: 104857600 - type: integer 
	Parameter SYNC_BYTE bound to: 8'b01010101 
	Parameter ESCAPE_BYTE bound to: 8'b01011010 
	Parameter TRX_WR_SUCC_BYTE bound to: 8'b00000000 
	Parameter TRX_ERR_ACK_BYTE bound to: 8'b00000001 
	Parameter TRX_ERR_RESP_BYTE bound to: 8'b00000010 
	Parameter TRX_IRQ_BYTE bound to: 8'b10000000 
	Parameter IDCODE_CMD bound to: 8'b00000000 
	Parameter RST_CMD bound to: 8'b10000000 
	Parameter nRST_CMD bound to: 8'b11000000 
	Parameter WR_INC_CMD bound to: 8'b10000001 
	Parameter RD_INC_CMD bound to: 8'b10000010 
	Parameter WR_NOINC_CMD bound to: 8'b10000011 
	Parameter RD_NOINC_CMD bound to: 8'b10000100 
	Parameter IDLE bound to: 8'b00000000 
	Parameter FETCH_ADDR bound to: 8'b00000001 
	Parameter FETCH_LENGTH bound to: 8'b00000010 
	Parameter FETCH_DATA bound to: 8'b00000011 
	Parameter WAIT_ACK bound to: 8'b00000100 
	Parameter RD_DATA bound to: 8'b00000101 
	Parameter TX_RDATA bound to: 8'b00000110 
	Parameter WAIT_TX bound to: 8'b00000111 
	Parameter WAIT_RESP bound to: 8'b00001000 
INFO: [Synth 8-6155] done synthesizing module 'udm_controller' (5#1) [C:/ProgsData/Data/Labs/Vivado/activecore/designs/rtl/udm/hw/udm_controller.v:10]
INFO: [Synth 8-6155] done synthesizing module 'udm' (6#1) [C:/ProgsData/Data/Labs/Vivado/activecore/designs/rtl/udm/hw/udm.v:10]
INFO: [Synth 8-6157] synthesizing module 'matrix_math' [C:/ProgsData/Data/Labs/Vivado/activecore/designs/rtl/udm/syn/NEXYS4_DDR/NEXYS4_DDR.srcs/sources_1/new/matrix_math.sv:23]
	Parameter WIDTH bound to: 2 - type: integer 
	Parameter HEIGHT bound to: 4 - type: integer 
WARNING: [Synth 8-5856] 3D RAM elems_reg  for this pattern/configuration is not supported. This will most likely be implemented in registers
WARNING: [Synth 8-5856] 3D RAM res_reg  for this pattern/configuration is not supported. This will most likely be implemented in registers
INFO: [Synth 8-6155] done synthesizing module 'matrix_math' (7#1) [C:/ProgsData/Data/Labs/Vivado/activecore/designs/rtl/udm/syn/NEXYS4_DDR/NEXYS4_DDR.srcs/sources_1/new/matrix_math.sv:23]
INFO: [Synth 8-6157] synthesizing module 'ram_dual' [C:/ProgsData/Data/Labs/Vivado/activecore/designs/rtl/ram/ram_dual.v:1]
	Parameter init_type bound to: none - type: string 
	Parameter init_data bound to: nodata.hex - type: string 
	Parameter dat_width bound to: 32 - type: integer 
	Parameter adr_width bound to: 10 - type: integer 
	Parameter mem_size bound to: 1024 - type: integer 
INFO: [Synth 8-6155] done synthesizing module 'ram_dual' (8#1) [C:/ProgsData/Data/Labs/Vivado/activecore/designs/rtl/ram/ram_dual.v:1]
WARNING: [Synth 8-689] width (30) of port connection 'adr0_i' does not match port width (10) of module 'ram_dual' [C:/ProgsData/Data/Labs/Vivado/activecore/designs/rtl/udm/syn/NEXYS4_DDR/NEXYS4_DDR.sv:136]
WARNING: [Synth 8-5856] 3D RAM mat1_reg  for this pattern/configuration is not supported. This will most likely be implemented in registers
WARNING: [Synth 8-5856] 3D RAM mat2_reg  for this pattern/configuration is not supported. This will most likely be implemented in registers
INFO: [Synth 8-6155] done synthesizing module 'NEXYS4_DDR' (9#1) [C:/ProgsData/Data/Labs/Vivado/activecore/designs/rtl/udm/syn/NEXYS4_DDR/NEXYS4_DDR.sv:24]
---------------------------------------------------------------------------------
Finished RTL Elaboration : Time (s): cpu = 00:00:01 ; elapsed = 00:00:03 . Memory (MB): peak = 820.164 ; gain = 243.871
---------------------------------------------------------------------------------

Report Check Netlist: 
+------+------------------+-------+---------+-------+------------------+
|      |Item              |Errors |Warnings |Status |Description       |
+------+------------------+-------+---------+-------+------------------+
|1     |multi_driven_nets |      0|        0|Passed |Multi driven nets |
+------+------------------+-------+---------+-------+------------------+
---------------------------------------------------------------------------------
Start Handling Custom Attributes
---------------------------------------------------------------------------------
---------------------------------------------------------------------------------
Finished Handling Custom Attributes : Time (s): cpu = 00:00:01 ; elapsed = 00:00:03 . Memory (MB): peak = 820.164 ; gain = 243.871
---------------------------------------------------------------------------------
---------------------------------------------------------------------------------
Finished RTL Optimization Phase 1 : Time (s): cpu = 00:00:01 ; elapsed = 00:00:03 . Memory (MB): peak = 820.164 ; gain = 243.871
---------------------------------------------------------------------------------
INFO: [Project 1-570] Preparing netlist for logic optimization

Processing XDC Constraints
Initializing timing engine
Parsing XDC File [C:/ProgsData/Data/Labs/Vivado/activecore/designs/rtl/udm/syn/NEXYS4_DDR/NEXYS4_DDR.runs/synth_1/.Xil/Vivado-2232-mike-laptop/sys_clk/sys_clk/sys_clk_in_context.xdc] for cell 'sys_clk'
Finished Parsing XDC File [C:/ProgsData/Data/Labs/Vivado/activecore/designs/rtl/udm/syn/NEXYS4_DDR/NEXYS4_DDR.runs/synth_1/.Xil/Vivado-2232-mike-laptop/sys_clk/sys_clk/sys_clk_in_context.xdc] for cell 'sys_clk'
Parsing XDC File [C:/ProgsData/Data/Labs/Vivado/activecore/designs/rtl/udm/syn/NEXYS4_DDR/NEXYS4_DDR.xdc]
Finished Parsing XDC File [C:/ProgsData/Data/Labs/Vivado/activecore/designs/rtl/udm/syn/NEXYS4_DDR/NEXYS4_DDR.xdc]
INFO: [Project 1-236] Implementation specific constraints were found while reading constraint file [C:/ProgsData/Data/Labs/Vivado/activecore/designs/rtl/udm/syn/NEXYS4_DDR/NEXYS4_DDR.xdc]. These constraints will be ignored for synthesis but will be used in implementation. Impacted constraints are listed in the file [.Xil/NEXYS4_DDR_propImpl.xdc].
Resolution: To avoid this warning, move constraints listed in [.Xil/NEXYS4_DDR_propImpl.xdc] to another XDC file and exclude this new file from synthesis with the used_in_synthesis property (File Properties dialog in GUI) and re-run elaboration/synthesis.
Completed Processing XDC Constraints

Netlist sorting complete. Time (s): cpu = 00:00:00 ; elapsed = 00:00:00 . Memory (MB): peak = 962.594 ; gain = 0.000
INFO: [Project 1-111] Unisim Transformation Summary:
No Unisim elements were transformed.

Constraint Validation Runtime : Time (s): cpu = 00:00:00 ; elapsed = 00:00:00.007 . Memory (MB): peak = 962.594 ; gain = 0.000
---------------------------------------------------------------------------------
Finished Constraint Validation : Time (s): cpu = 00:00:02 ; elapsed = 00:00:06 . Memory (MB): peak = 962.594 ; gain = 386.301
---------------------------------------------------------------------------------
---------------------------------------------------------------------------------
Start Loading Part and Timing Information
---------------------------------------------------------------------------------
Loading part: xc7a100tcsg324-3
---------------------------------------------------------------------------------
Finished Loading Part and Timing Information : Time (s): cpu = 00:00:02 ; elapsed = 00:00:06 . Memory (MB): peak = 962.594 ; gain = 386.301
---------------------------------------------------------------------------------
---------------------------------------------------------------------------------
Start Applying 'set_property' XDC Constraints
---------------------------------------------------------------------------------
Applied set_property IO_BUFFER_TYPE = NONE for CLK100MHZ. (constraint file  C:/ProgsData/Data/Labs/Vivado/activecore/designs/rtl/udm/syn/NEXYS4_DDR/NEXYS4_DDR.runs/synth_1/.Xil/Vivado-2232-mike-laptop/sys_clk/sys_clk/sys_clk_in_context.xdc, line 3).
Applied set_property CLOCK_BUFFER_TYPE = NONE for CLK100MHZ. (constraint file  C:/ProgsData/Data/Labs/Vivado/activecore/designs/rtl/udm/syn/NEXYS4_DDR/NEXYS4_DDR.runs/synth_1/.Xil/Vivado-2232-mike-laptop/sys_clk/sys_clk/sys_clk_in_context.xdc, line 4).
Applied set_property DONT_TOUCH = true for sys_clk. (constraint file  auto generated constraint, line ).
---------------------------------------------------------------------------------
Finished applying 'set_property' XDC Constraints : Time (s): cpu = 00:00:02 ; elapsed = 00:00:06 . Memory (MB): peak = 962.594 ; gain = 386.301
---------------------------------------------------------------------------------
INFO: [Synth 8-802] inferred FSM for state register 'state_reg' in module 'uart_rx'
INFO: [Synth 8-802] inferred FSM for state register 'state_reg' in module 'uart_tx'
INFO: [Synth 8-802] inferred FSM for state register 'state_reg' in module 'udm_controller'
---------------------------------------------------------------------------------------------------
                   State |                     New Encoding |                Previous Encoding 
---------------------------------------------------------------------------------------------------
               ST_NOSYNC |                             0000 |                            00000
       ST_NOSYNC_WAIT1_1 |                             0001 |                            00001
       ST_NOSYNC_WAIT0_2 |                             0010 |                            00010
       ST_NOSYNC_WAIT1_3 |                             0011 |                            00011
       ST_NOSYNC_WAIT0_4 |                             0100 |                            00100
       ST_NOSYNC_WAIT1_5 |                             0101 |                            00101
       ST_NOSYNC_WAIT0_6 |                             0110 |                            00110
       ST_NOSYNC_WAIT1_7 |                             0111 |                            00111
       ST_NOSYNC_WAIT0_8 |                             1000 |                            01000
     ST_NOSYNC_WAIT_STOP |                             1001 |                            01001
                 ST_SYNC |                             1010 |                            01010
      ST_SYNC_WAIT_START |                             1011 |                            01011
         ST_SYNC_RX_DATA |                             1100 |                            01100
       ST_SYNC_WAIT_STOP |                             1101 |                            01101
---------------------------------------------------------------------------------------------------
INFO: [Synth 8-3354] encoded FSM with state register 'state_reg' using encoding 'sequential' in module 'uart_rx'
---------------------------------------------------------------------------------------------------
                   State |                     New Encoding |                Previous Encoding 
---------------------------------------------------------------------------------------------------
                 ST_IDLE |                               00 |                             0000
                ST_START |                               01 |                             0001
              ST_TX_DATA |                               10 |                             0010
                 ST_STOP |                               11 |                             0011
---------------------------------------------------------------------------------------------------
INFO: [Synth 8-3354] encoded FSM with state register 'state_reg' using encoding 'sequential' in module 'uart_tx'
---------------------------------------------------------------------------------------------------
                   State |                     New Encoding |                Previous Encoding 
---------------------------------------------------------------------------------------------------
                    IDLE |                              000 |                         00000000
              FETCH_ADDR |                              001 |                         00000001
            FETCH_LENGTH |                              010 |                         00000010
                WAIT_ACK |                              011 |                         00000100
               WAIT_RESP |                              100 |                         00001000
                TX_RDATA |                              101 |                         00000110
                 WAIT_TX |                              110 |                         00000111
              FETCH_DATA |                              111 |                         00000011
---------------------------------------------------------------------------------------------------
INFO: [Synth 8-3354] encoded FSM with state register 'state_reg' using encoding 'sequential' in module 'udm_controller'
INFO: [Synth 8-3971] The signal "ram_dual:/ram_reg" was recognized as a true dual port RAM template.
---------------------------------------------------------------------------------
Finished RTL Optimization Phase 2 : Time (s): cpu = 00:00:03 ; elapsed = 00:00:06 . Memory (MB): peak = 962.594 ; gain = 386.301
---------------------------------------------------------------------------------

Report RTL Partitions: 
+-+--------------+------------+----------+
| |RTL Partition |Replication |Instances |
+-+--------------+------------+----------+
+-+--------------+------------+----------+
---------------------------------------------------------------------------------
Start RTL Component Statistics 
---------------------------------------------------------------------------------
Detailed RTL Component Info : 
+---Adders : 
	   2 Input     32 Bit       Adders := 5     
	   4 Input     32 Bit       Adders := 4     
	   2 Input      3 Bit       Adders := 2     
	   2 Input      2 Bit       Adders := 1     
+---Registers : 
	               32 Bit    Registers := 46    
	               29 Bit    Registers := 1     
	               16 Bit    Registers := 1     
	                8 Bit    Registers := 6     
	                4 Bit    Registers := 1     
	                3 Bit    Registers := 2     
	                2 Bit    Registers := 1     
	                1 Bit    Registers := 24    
+---Multipliers : 
	                32x32  Multipliers := 16    
+---RAMs : 
	              32K Bit         RAMs := 1     
+---Muxes : 
	   2 Input     32 Bit        Muxes := 8     
	  14 Input     32 Bit        Muxes := 1     
	   4 Input     32 Bit        Muxes := 1     
	   8 Input     32 Bit        Muxes := 5     
	   3 Input     32 Bit        Muxes := 1     
	  14 Input      8 Bit        Muxes := 1     
	   4 Input      8 Bit        Muxes := 1     
	   8 Input      8 Bit        Muxes := 1     
	   2 Input      8 Bit        Muxes := 2     
	   6 Input      8 Bit        Muxes := 1     
	  14 Input      4 Bit        Muxes := 1     
	  14 Input      3 Bit        Muxes := 1     
	   4 Input      3 Bit        Muxes := 1     
	   8 Input      3 Bit        Muxes := 2     
	   2 Input      3 Bit        Muxes := 6     
	   4 Input      2 Bit        Muxes := 1     
	   8 Input      2 Bit        Muxes := 2     
	   2 Input      2 Bit        Muxes := 1     
	   2 Input      1 Bit        Muxes := 76    
	  14 Input      1 Bit        Muxes := 7     
	   4 Input      1 Bit        Muxes := 7     
	   3 Input      1 Bit        Muxes := 3     
	   5 Input      1 Bit        Muxes := 2     
	   8 Input      1 Bit        Muxes := 22    
---------------------------------------------------------------------------------
Finished RTL Component Statistics 
---------------------------------------------------------------------------------
---------------------------------------------------------------------------------
Start RTL Hierarchical Component Statistics 
---------------------------------------------------------------------------------
Hierarchical RTL Component report 
Module NEXYS4_DDR 
Detailed RTL Component Info : 
+---Registers : 
	               32 Bit    Registers := 17    
	               16 Bit    Registers := 1     
	                1 Bit    Registers := 3     
+---Muxes : 
	   2 Input     32 Bit        Muxes := 4     
	   3 Input     32 Bit        Muxes := 1     
	   2 Input      1 Bit        Muxes := 46    
	   3 Input      1 Bit        Muxes := 2     
Module reset_sync 
Detailed RTL Component Info : 
+---Registers : 
	                4 Bit    Registers := 1     
Module uart_rx 
Detailed RTL Component Info : 
+---Adders : 
	   2 Input     32 Bit       Adders := 1     
	   2 Input      3 Bit       Adders := 1     
+---Registers : 
	               32 Bit    Registers := 1     
	               29 Bit    Registers := 1     
	                8 Bit    Registers := 1     
	                3 Bit    Registers := 1     
	                1 Bit    Registers := 3     
+---Muxes : 
	   2 Input     32 Bit        Muxes := 2     
	  14 Input     32 Bit        Muxes := 1     
	  14 Input      8 Bit        Muxes := 1     
	  14 Input      4 Bit        Muxes := 1     
	  14 Input      3 Bit        Muxes := 1     
	   2 Input      1 Bit        Muxes := 1     
	  14 Input      1 Bit        Muxes := 7     
Module uart_tx 
Detailed RTL Component Info : 
+---Adders : 
	   2 Input     32 Bit       Adders := 1     
	   2 Input      3 Bit       Adders := 1     
+---Registers : 
	               32 Bit    Registers := 1     
	                8 Bit    Registers := 1     
	                3 Bit    Registers := 1     
	                1 Bit    Registers := 2     
+---Muxes : 
	   4 Input     32 Bit        Muxes := 1     
	   4 Input      8 Bit        Muxes := 1     
	   4 Input      3 Bit        Muxes := 1     
	   4 Input      2 Bit        Muxes := 1     
	   2 Input      1 Bit        Muxes := 3     
	   4 Input      1 Bit        Muxes := 7     
Module udm_controller 
Detailed RTL Component Info : 
+---Adders : 
	   2 Input     32 Bit       Adders := 3     
	   2 Input      2 Bit       Adders := 1     
+---Registers : 
	               32 Bit    Registers := 5     
	                8 Bit    Registers := 4     
	                2 Bit    Registers := 1     
	                1 Bit    Registers := 16    
+---Muxes : 
	   2 Input     32 Bit        Muxes := 2     
	   8 Input     32 Bit        Muxes := 5     
	   8 Input      8 Bit        Muxes := 1     
	   2 Input      8 Bit        Muxes := 2     
	   6 Input      8 Bit        Muxes := 1     
	   8 Input      3 Bit        Muxes := 2     
	   2 Input      3 Bit        Muxes := 6     
	   8 Input      2 Bit        Muxes := 2     
	   2 Input      2 Bit        Muxes := 1     
	   2 Input      1 Bit        Muxes := 26    
	   3 Input      1 Bit        Muxes := 1     
	   5 Input      1 Bit        Muxes := 2     
	   8 Input      1 Bit        Muxes := 22    
Module matrix_math 
Detailed RTL Component Info : 
+---Adders : 
	   4 Input     32 Bit       Adders := 4     
+---Registers : 
	               32 Bit    Registers := 20    
+---Multipliers : 
	                32x32  Multipliers := 16    
Module ram_dual 
Detailed RTL Component Info : 
+---Registers : 
	               32 Bit    Registers := 2     
+---RAMs : 
	              32K Bit         RAMs := 1     
---------------------------------------------------------------------------------
Finished RTL Hierarchical Component Statistics
---------------------------------------------------------------------------------
---------------------------------------------------------------------------------
Start Part Resource Summary
---------------------------------------------------------------------------------
Part Resources:
DSPs: 240 (col length:80)
BRAMs: 270 (col length: RAMB18 80 RAMB36 40)
---------------------------------------------------------------------------------
Finished Part Resource Summary
---------------------------------------------------------------------------------
---------------------------------------------------------------------------------
Start Cross Boundary and Area Optimization
---------------------------------------------------------------------------------
Warning: Parallel synthesis criteria is not met 
INFO: [Synth 8-5845] Not enough pipeline registers after wide multiplier. Recommended levels of pipeline registers is 4 [C:/ProgsData/Data/Labs/Vivado/activecore/designs/rtl/udm/syn/NEXYS4_DDR/NEXYS4_DDR.srcs/sources_1/new/matrix_math.sv:44]
INFO: [Synth 8-5845] Not enough pipeline registers after wide multiplier. Recommended levels of pipeline registers is 4 [C:/ProgsData/Data/Labs/Vivado/activecore/designs/rtl/udm/syn/NEXYS4_DDR/NEXYS4_DDR.srcs/sources_1/new/matrix_math.sv:44]
INFO: [Synth 8-5845] Not enough pipeline registers after wide multiplier. Recommended levels of pipeline registers is 4 [C:/ProgsData/Data/Labs/Vivado/activecore/designs/rtl/udm/syn/NEXYS4_DDR/NEXYS4_DDR.srcs/sources_1/new/matrix_math.sv:44]
INFO: [Synth 8-5845] Not enough pipeline registers after wide multiplier. Recommended levels of pipeline registers is 4 [C:/ProgsData/Data/Labs/Vivado/activecore/designs/rtl/udm/syn/NEXYS4_DDR/NEXYS4_DDR.srcs/sources_1/new/matrix_math.sv:44]
INFO: [Synth 8-5845] Not enough pipeline registers after wide multiplier. Recommended levels of pipeline registers is 4 [C:/ProgsData/Data/Labs/Vivado/activecore/designs/rtl/udm/syn/NEXYS4_DDR/NEXYS4_DDR.srcs/sources_1/new/matrix_math.sv:44]
INFO: [Synth 8-5845] Not enough pipeline registers after wide multiplier. Recommended levels of pipeline registers is 4 [C:/ProgsData/Data/Labs/Vivado/activecore/designs/rtl/udm/syn/NEXYS4_DDR/NEXYS4_DDR.srcs/sources_1/new/matrix_math.sv:44]
INFO: [Synth 8-5845] Not enough pipeline registers after wide multiplier. Recommended levels of pipeline registers is 4 [C:/ProgsData/Data/Labs/Vivado/activecore/designs/rtl/udm/syn/NEXYS4_DDR/NEXYS4_DDR.srcs/sources_1/new/matrix_math.sv:44]
INFO: [Synth 8-5845] Not enough pipeline registers after wide multiplier. Recommended levels of pipeline registers is 4 [C:/ProgsData/Data/Labs/Vivado/activecore/designs/rtl/udm/syn/NEXYS4_DDR/NEXYS4_DDR.srcs/sources_1/new/matrix_math.sv:44]
INFO: [Synth 8-5845] Not enough pipeline registers after wide multiplier. Recommended levels of pipeline registers is 4 [C:/ProgsData/Data/Labs/Vivado/activecore/designs/rtl/udm/syn/NEXYS4_DDR/NEXYS4_DDR.srcs/sources_1/new/matrix_math.sv:44]
INFO: [Synth 8-5845] Not enough pipeline registers after wide multiplier. Recommended levels of pipeline registers is 4 [C:/ProgsData/Data/Labs/Vivado/activecore/designs/rtl/udm/syn/NEXYS4_DDR/NEXYS4_DDR.srcs/sources_1/new/matrix_math.sv:44]
INFO: [Synth 8-5845] Not enough pipeline registers after wide multiplier. Recommended levels of pipeline registers is 4 [C:/ProgsData/Data/Labs/Vivado/activecore/designs/rtl/udm/syn/NEXYS4_DDR/NEXYS4_DDR.srcs/sources_1/new/matrix_math.sv:44]
INFO: [Synth 8-5845] Not enough pipeline registers after wide multiplier. Recommended levels of pipeline registers is 4 [C:/ProgsData/Data/Labs/Vivado/activecore/designs/rtl/udm/syn/NEXYS4_DDR/NEXYS4_DDR.srcs/sources_1/new/matrix_math.sv:44]
INFO: [Synth 8-5845] Not enough pipeline registers after wide multiplier. Recommended levels of pipeline registers is 4 [C:/ProgsData/Data/Labs/Vivado/activecore/designs/rtl/udm/syn/NEXYS4_DDR/NEXYS4_DDR.srcs/sources_1/new/matrix_math.sv:44]
INFO: [Synth 8-5845] Not enough pipeline registers after wide multiplier. Recommended levels of pipeline registers is 4 [C:/ProgsData/Data/Labs/Vivado/activecore/designs/rtl/udm/syn/NEXYS4_DDR/NEXYS4_DDR.srcs/sources_1/new/matrix_math.sv:44]
INFO: [Synth 8-5845] Not enough pipeline registers after wide multiplier. Recommended levels of pipeline registers is 4 [C:/ProgsData/Data/Labs/Vivado/activecore/designs/rtl/udm/syn/NEXYS4_DDR/NEXYS4_DDR.srcs/sources_1/new/matrix_math.sv:44]
INFO: [Synth 8-5845] Not enough pipeline registers after wide multiplier. Recommended levels of pipeline registers is 4 [C:/ProgsData/Data/Labs/Vivado/activecore/designs/rtl/udm/syn/NEXYS4_DDR/NEXYS4_DDR.srcs/sources_1/new/matrix_math.sv:44]
DSP Report: Generating DSP p_0_out, operation Mode is: A*B.
DSP Report: operator p_0_out is absorbed into DSP p_0_out.
DSP Report: operator p_0_out is absorbed into DSP p_0_out.
DSP Report: Generating DSP p_0_out, operation Mode is: (PCIN>>17)+A*B.
DSP Report: operator p_0_out is absorbed into DSP p_0_out.
DSP Report: operator p_0_out is absorbed into DSP p_0_out.
DSP Report: Generating DSP p_0_out, operation Mode is: A*B.
DSP Report: operator p_0_out is absorbed into DSP p_0_out.
DSP Report: operator p_0_out is absorbed into DSP p_0_out.
DSP Report: Generating DSP p_0_out, operation Mode is: (PCIN>>17)+A*B.
DSP Report: operator p_0_out is absorbed into DSP p_0_out.
DSP Report: operator p_0_out is absorbed into DSP p_0_out.
DSP Report: Generating DSP p_0_out, operation Mode is: A*B.
DSP Report: operator p_0_out is absorbed into DSP p_0_out.
DSP Report: operator p_0_out is absorbed into DSP p_0_out.
DSP Report: Generating DSP p_0_out, operation Mode is: (PCIN>>17)+A*B.
DSP Report: operator p_0_out is absorbed into DSP p_0_out.
DSP Report: operator p_0_out is absorbed into DSP p_0_out.
DSP Report: Generating DSP p_0_out, operation Mode is: A*B.
DSP Report: operator p_0_out is absorbed into DSP p_0_out.
DSP Report: operator p_0_out is absorbed into DSP p_0_out.
DSP Report: Generating DSP p_0_out, operation Mode is: (PCIN>>17)+A*B.
DSP Report: operator p_0_out is absorbed into DSP p_0_out.
DSP Report: operator p_0_out is absorbed into DSP p_0_out.
DSP Report: Generating DSP p_0_out, operation Mode is: A*B.
DSP Report: operator p_0_out is absorbed into DSP p_0_out.
DSP Report: operator p_0_out is absorbed into DSP p_0_out.
DSP Report: Generating DSP p_0_out, operation Mode is: (PCIN>>17)+A*B.
DSP Report: operator p_0_out is absorbed into DSP p_0_out.
DSP Report: operator p_0_out is absorbed into DSP p_0_out.
DSP Report: Generating DSP p_0_out, operation Mode is: A*B.
DSP Report: operator p_0_out is absorbed into DSP p_0_out.
DSP Report: operator p_0_out is absorbed into DSP p_0_out.
DSP Report: Generating DSP p_0_out, operation Mode is: (PCIN>>17)+A*B.
DSP Report: operator p_0_out is absorbed into DSP p_0_out.
DSP Report: operator p_0_out is absorbed into DSP p_0_out.
DSP Report: Generating DSP p_0_out, operation Mode is: A*B.
DSP Report: operator p_0_out is absorbed into DSP p_0_out.
DSP Report: operator p_0_out is absorbed into DSP p_0_out.
DSP Report: Generating DSP p_0_out, operation Mode is: (PCIN>>17)+A*B.
DSP Report: operator p_0_out is absorbed into DSP p_0_out.
DSP Report: operator p_0_out is absorbed into DSP p_0_out.
DSP Report: Generating DSP p_0_out, operation Mode is: A*B.
DSP Report: operator p_0_out is absorbed into DSP p_0_out.
DSP Report: operator p_0_out is absorbed into DSP p_0_out.
DSP Report: Generating DSP p_0_out, operation Mode is: (PCIN>>17)+A*B.
DSP Report: operator p_0_out is absorbed into DSP p_0_out.
DSP Report: operator p_0_out is absorbed into DSP p_0_out.
DSP Report: Generating DSP p_0_out, operation Mode is: A*B.
DSP Report: operator p_0_out is absorbed into DSP p_0_out.
DSP Report: operator p_0_out is absorbed into DSP p_0_out.
DSP Report: Generating DSP p_0_out, operation Mode is: (PCIN>>17)+A*B.
DSP Report: operator p_0_out is absorbed into DSP p_0_out.
DSP Report: operator p_0_out is absorbed into DSP p_0_out.
DSP Report: Generating DSP p_0_out, operation Mode is: A*B.
DSP Report: operator p_0_out is absorbed into DSP p_0_out.
DSP Report: operator p_0_out is absorbed into DSP p_0_out.
DSP Report: Generating DSP p_0_out, operation Mode is: (PCIN>>17)+A*B.
DSP Report: operator p_0_out is absorbed into DSP p_0_out.
DSP Report: operator p_0_out is absorbed into DSP p_0_out.
DSP Report: Generating DSP p_0_out, operation Mode is: A*B.
DSP Report: operator p_0_out is absorbed into DSP p_0_out.
DSP Report: operator p_0_out is absorbed into DSP p_0_out.
DSP Report: Generating DSP p_0_out, operation Mode is: (PCIN>>17)+A*B.
DSP Report: operator p_0_out is absorbed into DSP p_0_out.
DSP Report: operator p_0_out is absorbed into DSP p_0_out.
DSP Report: Generating DSP p_0_out, operation Mode is: A*B.
DSP Report: operator p_0_out is absorbed into DSP p_0_out.
DSP Report: operator p_0_out is absorbed into DSP p_0_out.
DSP Report: Generating DSP p_0_out, operation Mode is: (PCIN>>17)+A*B.
DSP Report: operator p_0_out is absorbed into DSP p_0_out.
DSP Report: operator p_0_out is absorbed into DSP p_0_out.
DSP Report: Generating DSP p_0_out, operation Mode is: A*B.
DSP Report: operator p_0_out is absorbed into DSP p_0_out.
DSP Report: operator p_0_out is absorbed into DSP p_0_out.
DSP Report: Generating DSP p_0_out, operation Mode is: (PCIN>>17)+A*B.
DSP Report: operator p_0_out is absorbed into DSP p_0_out.
DSP Report: operator p_0_out is absorbed into DSP p_0_out.
DSP Report: Generating DSP p_0_out, operation Mode is: A*B.
DSP Report: operator p_0_out is absorbed into DSP p_0_out.
DSP Report: operator p_0_out is absorbed into DSP p_0_out.
DSP Report: Generating DSP p_0_out, operation Mode is: (PCIN>>17)+A*B.
DSP Report: operator p_0_out is absorbed into DSP p_0_out.
DSP Report: operator p_0_out is absorbed into DSP p_0_out.
DSP Report: Generating DSP p_0_out, operation Mode is: A*B.
DSP Report: operator p_0_out is absorbed into DSP p_0_out.
DSP Report: operator p_0_out is absorbed into DSP p_0_out.
DSP Report: Generating DSP p_0_out, operation Mode is: (PCIN>>17)+A*B.
DSP Report: operator p_0_out is absorbed into DSP p_0_out.
DSP Report: operator p_0_out is absorbed into DSP p_0_out.
DSP Report: Generating DSP p_0_out, operation Mode is: A*B.
DSP Report: operator p_0_out is absorbed into DSP p_0_out.
DSP Report: operator p_0_out is absorbed into DSP p_0_out.
DSP Report: Generating DSP p_0_out, operation Mode is: (PCIN>>17)+A*B.
DSP Report: operator p_0_out is absorbed into DSP p_0_out.
DSP Report: operator p_0_out is absorbed into DSP p_0_out.
DSP Report: Generating DSP p_0_out, operation Mode is: A*B.
DSP Report: operator p_0_out is absorbed into DSP p_0_out.
DSP Report: operator p_0_out is absorbed into DSP p_0_out.
DSP Report: Generating DSP p_0_out, operation Mode is: (PCIN>>17)+A*B.
DSP Report: operator p_0_out is absorbed into DSP p_0_out.
DSP Report: operator p_0_out is absorbed into DSP p_0_out.
DSP Report: Generating DSP p_0_out, operation Mode is: A*B.
DSP Report: operator p_0_out is absorbed into DSP p_0_out.
DSP Report: operator p_0_out is absorbed into DSP p_0_out.
DSP Report: Generating DSP p_0_out, operation Mode is: (PCIN>>17)+A*B.
DSP Report: operator p_0_out is absorbed into DSP p_0_out.
DSP Report: operator p_0_out is absorbed into DSP p_0_out.
DSP Report: Generating DSP p_0_out, operation Mode is: A*B.
DSP Report: operator p_0_out is absorbed into DSP p_0_out.
DSP Report: operator p_0_out is absorbed into DSP p_0_out.
DSP Report: Generating DSP p_0_out, operation Mode is: (PCIN>>17)+A*B.
DSP Report: operator p_0_out is absorbed into DSP p_0_out.
DSP Report: operator p_0_out is absorbed into DSP p_0_out.
DSP Report: Generating DSP p_0_out, operation Mode is: A*B.
DSP Report: operator p_0_out is absorbed into DSP p_0_out.
DSP Report: operator p_0_out is absorbed into DSP p_0_out.
DSP Report: Generating DSP p_0_out, operation Mode is: (PCIN>>17)+A*B.
DSP Report: operator p_0_out is absorbed into DSP p_0_out.
DSP Report: operator p_0_out is absorbed into DSP p_0_out.
DSP Report: Generating DSP p_0_out, operation Mode is: A*B.
DSP Report: operator p_0_out is absorbed into DSP p_0_out.
DSP Report: operator p_0_out is absorbed into DSP p_0_out.
DSP Report: Generating DSP p_0_out, operation Mode is: (PCIN>>17)+A*B.
DSP Report: operator p_0_out is absorbed into DSP p_0_out.
DSP Report: operator p_0_out is absorbed into DSP p_0_out.
DSP Report: Generating DSP p_0_out, operation Mode is: A*B.
DSP Report: operator p_0_out is absorbed into DSP p_0_out.
DSP Report: operator p_0_out is absorbed into DSP p_0_out.
DSP Report: Generating DSP p_0_out, operation Mode is: (PCIN>>17)+A*B.
DSP Report: operator p_0_out is absorbed into DSP p_0_out.
DSP Report: operator p_0_out is absorbed into DSP p_0_out.
DSP Report: Generating DSP p_0_out, operation Mode is: A*B.
DSP Report: operator p_0_out is absorbed into DSP p_0_out.
DSP Report: operator p_0_out is absorbed into DSP p_0_out.
DSP Report: Generating DSP p_0_out, operation Mode is: (PCIN>>17)+A*B.
DSP Report: operator p_0_out is absorbed into DSP p_0_out.
DSP Report: operator p_0_out is absorbed into DSP p_0_out.
DSP Report: Generating DSP p_0_out, operation Mode is: A*B.
DSP Report: operator p_0_out is absorbed into DSP p_0_out.
DSP Report: operator p_0_out is absorbed into DSP p_0_out.
DSP Report: Generating DSP p_0_out, operation Mode is: (PCIN>>17)+A*B.
DSP Report: operator p_0_out is absorbed into DSP p_0_out.
DSP Report: operator p_0_out is absorbed into DSP p_0_out.
DSP Report: Generating DSP p_0_out, operation Mode is: A*B.
DSP Report: operator p_0_out is absorbed into DSP p_0_out.
DSP Report: operator p_0_out is absorbed into DSP p_0_out.
DSP Report: Generating DSP p_0_out, operation Mode is: (PCIN>>17)+A*B.
DSP Report: operator p_0_out is absorbed into DSP p_0_out.
DSP Report: operator p_0_out is absorbed into DSP p_0_out.
DSP Report: Generating DSP p_0_out, operation Mode is: A*B.
DSP Report: operator p_0_out is absorbed into DSP p_0_out.
DSP Report: operator p_0_out is absorbed into DSP p_0_out.
DSP Report: Generating DSP p_0_out, operation Mode is: (PCIN>>17)+A*B.
DSP Report: operator p_0_out is absorbed into DSP p_0_out.
DSP Report: operator p_0_out is absorbed into DSP p_0_out.
DSP Report: Generating DSP p_0_out, operation Mode is: A*B.
DSP Report: operator p_0_out is absorbed into DSP p_0_out.
DSP Report: operator p_0_out is absorbed into DSP p_0_out.
DSP Report: Generating DSP p_0_out, operation Mode is: (PCIN>>17)+A*B.
DSP Report: operator p_0_out is absorbed into DSP p_0_out.
DSP Report: operator p_0_out is absorbed into DSP p_0_out.
DSP Report: Generating DSP p_0_out, operation Mode is: A*B.
DSP Report: operator p_0_out is absorbed into DSP p_0_out.
DSP Report: operator p_0_out is absorbed into DSP p_0_out.
DSP Report: Generating DSP p_0_out, operation Mode is: (PCIN>>17)+A*B.
DSP Report: operator p_0_out is absorbed into DSP p_0_out.
DSP Report: operator p_0_out is absorbed into DSP p_0_out.
DSP Report: Generating DSP p_0_out, operation Mode is: A*B.
DSP Report: operator p_0_out is absorbed into DSP p_0_out.
DSP Report: operator p_0_out is absorbed into DSP p_0_out.
DSP Report: Generating DSP p_0_out, operation Mode is: (PCIN>>17)+A*B.
DSP Report: operator p_0_out is absorbed into DSP p_0_out.
DSP Report: operator p_0_out is absorbed into DSP p_0_out.
DSP Report: Generating DSP p_0_out, operation Mode is: A*B.
DSP Report: operator p_0_out is absorbed into DSP p_0_out.
DSP Report: operator p_0_out is absorbed into DSP p_0_out.
DSP Report: Generating DSP p_0_out, operation Mode is: (PCIN>>17)+A*B.
DSP Report: operator p_0_out is absorbed into DSP p_0_out.
DSP Report: operator p_0_out is absorbed into DSP p_0_out.
DSP Report: Generating DSP p_0_out, operation Mode is: A*B.
DSP Report: operator p_0_out is absorbed into DSP p_0_out.
DSP Report: operator p_0_out is absorbed into DSP p_0_out.
DSP Report: Generating DSP p_0_out, operation Mode is: (PCIN>>17)+A*B.
DSP Report: operator p_0_out is absorbed into DSP p_0_out.
DSP Report: operator p_0_out is absorbed into DSP p_0_out.
DSP Report: Generating DSP p_0_out, operation Mode is: A*B.
DSP Report: operator p_0_out is absorbed into DSP p_0_out.
DSP Report: operator p_0_out is absorbed into DSP p_0_out.
DSP Report: Generating DSP p_0_out, operation Mode is: (PCIN>>17)+A*B.
DSP Report: operator p_0_out is absorbed into DSP p_0_out.
DSP Report: operator p_0_out is absorbed into DSP p_0_out.
WARNING: [Synth 8-6014] Unused sequential element testmem/ram_reg was removed. 
INFO: [Synth 8-3333] propagating constant 0 across sequential element (\udm/udm_controller/tx_irq_reg )
WARNING: [Synth 8-3332] Sequential element (elems_reg[1][1][1][47]) is unused and will be removed from module matrix_math.
WARNING: [Synth 8-3332] Sequential element (elems_reg[1][1][1][46]) is unused and will be removed from module matrix_math.
WARNING: [Synth 8-3332] Sequential element (elems_reg[1][1][1][45]) is unused and will be removed from module matrix_math.
WARNING: [Synth 8-3332] Sequential element (elems_reg[1][1][1][44]) is unused and will be removed from module matrix_math.
WARNING: [Synth 8-3332] Sequential element (elems_reg[1][1][1][43]) is unused and will be removed from module matrix_math.
WARNING: [Synth 8-3332] Sequential element (elems_reg[1][1][1][42]) is unused and will be removed from module matrix_math.
WARNING: [Synth 8-3332] Sequential element (elems_reg[1][1][1][41]) is unused and will be removed from module matrix_math.
WARNING: [Synth 8-3332] Sequential element (elems_reg[1][1][1][40]) is unused and will be removed from module matrix_math.
WARNING: [Synth 8-3332] Sequential element (elems_reg[1][1][1][39]) is unused and will be removed from module matrix_math.
WARNING: [Synth 8-3332] Sequential element (elems_reg[1][1][1][38]) is unused and will be removed from module matrix_math.
WARNING: [Synth 8-3332] Sequential element (elems_reg[1][1][1][37]) is unused and will be removed from module matrix_math.
WARNING: [Synth 8-3332] Sequential element (elems_reg[1][1][1][36]) is unused and will be removed from module matrix_math.
WARNING: [Synth 8-3332] Sequential element (elems_reg[1][1][1][35]) is unused and will be removed from module matrix_math.
WARNING: [Synth 8-3332] Sequential element (elems_reg[1][1][1][34]) is unused and will be removed from module matrix_math.
WARNING: [Synth 8-3332] Sequential element (elems_reg[1][1][1][33]) is unused and will be removed from module matrix_math.
WARNING: [Synth 8-3332] Sequential element (elems_reg[1][1][1][32]) is unused and will be removed from module matrix_math.
WARNING: [Synth 8-3332] Sequential element (elems_reg[1][1][1][31]) is unused and will be removed from module matrix_math.
WARNING: [Synth 8-3332] Sequential element (elems_reg[1][1][1][30]) is unused and will be removed from module matrix_math.
WARNING: [Synth 8-3332] Sequential element (elems_reg[1][1][1][29]) is unused and will be removed from module matrix_math.
WARNING: [Synth 8-3332] Sequential element (elems_reg[1][1][1][28]) is unused and will be removed from module matrix_math.
WARNING: [Synth 8-3332] Sequential element (elems_reg[1][1][1][27]) is unused and will be removed from module matrix_math.
WARNING: [Synth 8-3332] Sequential element (elems_reg[1][1][1][26]) is unused and will be removed from module matrix_math.
WARNING: [Synth 8-3332] Sequential element (elems_reg[1][1][1][25]) is unused and will be removed from module matrix_math.
WARNING: [Synth 8-3332] Sequential element (elems_reg[1][1][1][24]) is unused and will be removed from module matrix_math.
WARNING: [Synth 8-3332] Sequential element (elems_reg[1][1][1][23]) is unused and will be removed from module matrix_math.
WARNING: [Synth 8-3332] Sequential element (elems_reg[1][1][1][22]) is unused and will be removed from module matrix_math.
WARNING: [Synth 8-3332] Sequential element (elems_reg[1][1][1][21]) is unused and will be removed from module matrix_math.
WARNING: [Synth 8-3332] Sequential element (elems_reg[1][1][1][20]) is unused and will be removed from module matrix_math.
WARNING: [Synth 8-3332] Sequential element (elems_reg[1][1][1][19]) is unused and will be removed from module matrix_math.
WARNING: [Synth 8-3332] Sequential element (elems_reg[1][1][1][18]) is unused and will be removed from module matrix_math.
WARNING: [Synth 8-3332] Sequential element (elems_reg[1][1][1][17]) is unused and will be removed from module matrix_math.
WARNING: [Synth 8-3332] Sequential element (elems_reg[1][1][1][16]) is unused and will be removed from module matrix_math.
WARNING: [Synth 8-3332] Sequential element (elems_reg[1][1][1][15]) is unused and will be removed from module matrix_math.
WARNING: [Synth 8-3332] Sequential element (elems_reg[1][1][1][47]__0) is unused and will be removed from module matrix_math.
WARNING: [Synth 8-3332] Sequential element (elems_reg[1][1][1][46]__0) is unused and will be removed from module matrix_math.
WARNING: [Synth 8-3332] Sequential element (elems_reg[1][1][1][45]__0) is unused and will be removed from module matrix_math.
WARNING: [Synth 8-3332] Sequential element (elems_reg[1][1][1][44]__0) is unused and will be removed from module matrix_math.
WARNING: [Synth 8-3332] Sequential element (elems_reg[1][1][1][43]__0) is unused and will be removed from module matrix_math.
WARNING: [Synth 8-3332] Sequential element (elems_reg[1][1][1][42]__0) is unused and will be removed from module matrix_math.
WARNING: [Synth 8-3332] Sequential element (elems_reg[1][1][1][41]__0) is unused and will be removed from module matrix_math.
WARNING: [Synth 8-3332] Sequential element (elems_reg[1][1][1][40]__0) is unused and will be removed from module matrix_math.
WARNING: [Synth 8-3332] Sequential element (elems_reg[1][1][1][39]__0) is unused and will be removed from module matrix_math.
WARNING: [Synth 8-3332] Sequential element (elems_reg[1][1][1][38]__0) is unused and will be removed from module matrix_math.
WARNING: [Synth 8-3332] Sequential element (elems_reg[1][1][1][37]__0) is unused and will be removed from module matrix_math.
WARNING: [Synth 8-3332] Sequential element (elems_reg[1][1][1][36]__0) is unused and will be removed from module matrix_math.
WARNING: [Synth 8-3332] Sequential element (elems_reg[1][1][1][35]__0) is unused and will be removed from module matrix_math.
WARNING: [Synth 8-3332] Sequential element (elems_reg[1][1][1][34]__0) is unused and will be removed from module matrix_math.
WARNING: [Synth 8-3332] Sequential element (elems_reg[1][1][1][33]__0) is unused and will be removed from module matrix_math.
WARNING: [Synth 8-3332] Sequential element (elems_reg[1][1][1][32]__0) is unused and will be removed from module matrix_math.
WARNING: [Synth 8-3332] Sequential element (elems_reg[1][1][1][31]__0) is unused and will be removed from module matrix_math.
WARNING: [Synth 8-3332] Sequential element (elems_reg[1][1][1][30]__0) is unused and will be removed from module matrix_math.
WARNING: [Synth 8-3332] Sequential element (elems_reg[1][1][1][29]__0) is unused and will be removed from module matrix_math.
WARNING: [Synth 8-3332] Sequential element (elems_reg[1][1][1][28]__0) is unused and will be removed from module matrix_math.
WARNING: [Synth 8-3332] Sequential element (elems_reg[1][1][1][27]__0) is unused and will be removed from module matrix_math.
WARNING: [Synth 8-3332] Sequential element (elems_reg[1][1][1][26]__0) is unused and will be removed from module matrix_math.
WARNING: [Synth 8-3332] Sequential element (elems_reg[1][1][1][25]__0) is unused and will be removed from module matrix_math.
WARNING: [Synth 8-3332] Sequential element (elems_reg[1][1][1][24]__0) is unused and will be removed from module matrix_math.
WARNING: [Synth 8-3332] Sequential element (elems_reg[1][1][1][23]__0) is unused and will be removed from module matrix_math.
WARNING: [Synth 8-3332] Sequential element (elems_reg[1][1][1][22]__0) is unused and will be removed from module matrix_math.
WARNING: [Synth 8-3332] Sequential element (elems_reg[1][1][1][21]__0) is unused and will be removed from module matrix_math.
WARNING: [Synth 8-3332] Sequential element (elems_reg[1][1][1][20]__0) is unused and will be removed from module matrix_math.
WARNING: [Synth 8-3332] Sequential element (elems_reg[1][1][1][19]__0) is unused and will be removed from module matrix_math.
WARNING: [Synth 8-3332] Sequential element (elems_reg[1][1][1][18]__0) is unused and will be removed from module matrix_math.
WARNING: [Synth 8-3332] Sequential element (elems_reg[1][1][1][17]__0) is unused and will be removed from module matrix_math.
WARNING: [Synth 8-3332] Sequential element (elems_reg[1][1][1][16]__0) is unused and will be removed from module matrix_math.
WARNING: [Synth 8-3332] Sequential element (elems_reg[1][1][1][15]__0) is unused and will be removed from module matrix_math.
WARNING: [Synth 8-3332] Sequential element (elems_reg[1][1][1][14]__0) is unused and will be removed from module matrix_math.
WARNING: [Synth 8-3332] Sequential element (elems_reg[1][1][1][13]__0) is unused and will be removed from module matrix_math.
WARNING: [Synth 8-3332] Sequential element (elems_reg[1][1][1][12]__0) is unused and will be removed from module matrix_math.
WARNING: [Synth 8-3332] Sequential element (elems_reg[1][1][1][11]__0) is unused and will be removed from module matrix_math.
WARNING: [Synth 8-3332] Sequential element (elems_reg[1][1][1][10]__0) is unused and will be removed from module matrix_math.
WARNING: [Synth 8-3332] Sequential element (elems_reg[1][1][1][9]__0) is unused and will be removed from module matrix_math.
WARNING: [Synth 8-3332] Sequential element (elems_reg[1][1][1][8]__0) is unused and will be removed from module matrix_math.
WARNING: [Synth 8-3332] Sequential element (elems_reg[1][1][1][7]__0) is unused and will be removed from module matrix_math.
WARNING: [Synth 8-3332] Sequential element (elems_reg[1][1][1][6]__0) is unused and will be removed from module matrix_math.
WARNING: [Synth 8-3332] Sequential element (elems_reg[1][1][1][5]__0) is unused and will be removed from module matrix_math.
WARNING: [Synth 8-3332] Sequential element (elems_reg[1][1][1][4]__0) is unused and will be removed from module matrix_math.
WARNING: [Synth 8-3332] Sequential element (elems_reg[1][1][1][3]__0) is unused and will be removed from module matrix_math.
WARNING: [Synth 8-3332] Sequential element (elems_reg[1][1][1][2]__0) is unused and will be removed from module matrix_math.
WARNING: [Synth 8-3332] Sequential element (elems_reg[1][1][1][1]__0) is unused and will be removed from module matrix_math.
WARNING: [Synth 8-3332] Sequential element (elems_reg[1][1][1][0]__0) is unused and will be removed from module matrix_math.
WARNING: [Synth 8-3332] Sequential element (elems_reg[1][1][1][47]__1) is unused and will be removed from module matrix_math.
WARNING: [Synth 8-3332] Sequential element (elems_reg[1][1][1][46]__1) is unused and will be removed from module matrix_math.
WARNING: [Synth 8-3332] Sequential element (elems_reg[1][1][1][45]__1) is unused and will be removed from module matrix_math.
WARNING: [Synth 8-3332] Sequential element (elems_reg[1][1][1][44]__1) is unused and will be removed from module matrix_math.
WARNING: [Synth 8-3332] Sequential element (elems_reg[1][1][1][43]__1) is unused and will be removed from module matrix_math.
WARNING: [Synth 8-3332] Sequential element (elems_reg[1][1][1][42]__1) is unused and will be removed from module matrix_math.
WARNING: [Synth 8-3332] Sequential element (elems_reg[1][1][1][41]__1) is unused and will be removed from module matrix_math.
WARNING: [Synth 8-3332] Sequential element (elems_reg[1][1][1][40]__1) is unused and will be removed from module matrix_math.
WARNING: [Synth 8-3332] Sequential element (elems_reg[1][1][1][39]__1) is unused and will be removed from module matrix_math.
WARNING: [Synth 8-3332] Sequential element (elems_reg[1][1][1][38]__1) is unused and will be removed from module matrix_math.
WARNING: [Synth 8-3332] Sequential element (elems_reg[1][1][1][37]__1) is unused and will be removed from module matrix_math.
WARNING: [Synth 8-3332] Sequential element (elems_reg[1][1][1][36]__1) is unused and will be removed from module matrix_math.
WARNING: [Synth 8-3332] Sequential element (elems_reg[1][1][1][35]__1) is unused and will be removed from module matrix_math.
WARNING: [Synth 8-3332] Sequential element (elems_reg[1][1][1][34]__1) is unused and will be removed from module matrix_math.
WARNING: [Synth 8-3332] Sequential element (elems_reg[1][1][1][33]__1) is unused and will be removed from module matrix_math.
WARNING: [Synth 8-3332] Sequential element (elems_reg[1][1][1][32]__1) is unused and will be removed from module matrix_math.
WARNING: [Synth 8-3332] Sequential element (elems_reg[1][1][1][31]__1) is unused and will be removed from module matrix_math.
WARNING: [Synth 8-3332] Sequential element (elems_reg[1][1][1][30]__1) is unused and will be removed from module matrix_math.
WARNING: [Synth 8-3332] Sequential element (elems_reg[1][1][1][29]__1) is unused and will be removed from module matrix_math.
INFO: [Common 17-14] Message 'Synth 8-3332' appears 100 times and further instances of the messages will be disabled. Use the Tcl command set_msg_config to change the current settings.
---------------------------------------------------------------------------------
Finished Cross Boundary and Area Optimization : Time (s): cpu = 00:00:05 ; elapsed = 00:00:10 . Memory (MB): peak = 962.594 ; gain = 386.301
---------------------------------------------------------------------------------
---------------------------------------------------------------------------------
Start ROM, RAM, DSP and Shift Register Reporting
---------------------------------------------------------------------------------

Block RAM: Preliminary Mapping  Report (see note below)
+------------+------------+------------------------+---+---+------------------------+---+---+------------------+--------+--------+
|Module Name | RTL Object | PORT A (Depth x Width) | W | R | PORT B (Depth x Width) | W | R | Ports driving FF | RAMB18 | RAMB36 | 
+------------+------------+------------------------+---+---+------------------------+---+---+------------------+--------+--------+
|ram_dual:   | ram_reg    | 1 K x 32(READ_FIRST)   | W | R | 1 K x 32(READ_FIRST)   | W | R | Port A and B     | 0      | 1      | 
+------------+------------+------------------------+---+---+------------------------+---+---+------------------+--------+--------+

Note: The table above is a preliminary report that shows the Block RAMs at the current stage of the synthesis flow. Some Block RAMs may be reimplemented as non Block RAM primitives later in the synthesis flow. Multiple instantiated Block RAMs are reported only once. 

DSP: Preliminary Mapping  Report (see note below)
+------------+----------------+--------+--------+--------+--------+--------+------+------+------+------+-------+------+------+
|Module Name | DSP Mapping    | A Size | B Size | C Size | D Size | P Size | AREG | BREG | CREG | DREG | ADREG | MREG | PREG | 
+------------+----------------+--------+--------+--------+--------+--------+------+------+------+------+-------+------+------+
|matrix_math | A*B            | 18     | 16     | -      | -      | 48     | 0    | 0    | -    | -    | -     | 0    | 0    | 
|matrix_math | (PCIN>>17)+A*B | 16     | 16     | -      | -      | 48     | 0    | 0    | -    | -    | -     | 0    | 0    | 
|matrix_math | A*B            | 18     | 18     | -      | -      | 48     | 0    | 0    | -    | -    | -     | 0    | 0    | 
|matrix_math | (PCIN>>17)+A*B | 18     | 16     | -      | -      | 48     | 0    | 0    | -    | -    | -     | 0    | 0    | 
|matrix_math | A*B            | 18     | 16     | -      | -      | 48     | 0    | 0    | -    | -    | -     | 0    | 0    | 
|matrix_math | (PCIN>>17)+A*B | 16     | 16     | -      | -      | 48     | 0    | 0    | -    | -    | -     | 0    | 0    | 
|matrix_math | A*B            | 18     | 18     | -      | -      | 48     | 0    | 0    | -    | -    | -     | 0    | 0    | 
|matrix_math | (PCIN>>17)+A*B | 18     | 16     | -      | -      | 48     | 0    | 0    | -    | -    | -     | 0    | 0    | 
|matrix_math | A*B            | 18     | 16     | -      | -      | 48     | 0    | 0    | -    | -    | -     | 0    | 0    | 
|matrix_math | (PCIN>>17)+A*B | 16     | 16     | -      | -      | 48     | 0    | 0    | -    | -    | -     | 0    | 0    | 
|matrix_math | A*B            | 18     | 18     | -      | -      | 48     | 0    | 0    | -    | -    | -     | 0    | 0    | 
|matrix_math | (PCIN>>17)+A*B | 18     | 16     | -      | -      | 48     | 0    | 0    | -    | -    | -     | 0    | 0    | 
|matrix_math | A*B            | 18     | 16     | -      | -      | 48     | 0    | 0    | -    | -    | -     | 0    | 0    | 
|matrix_math | (PCIN>>17)+A*B | 16     | 16     | -      | -      | 48     | 0    | 0    | -    | -    | -     | 0    | 0    | 
|matrix_math | A*B            | 18     | 18     | -      | -      | 48     | 0    | 0    | -    | -    | -     | 0    | 0    | 
|matrix_math | (PCIN>>17)+A*B | 18     | 16     | -      | -      | 48     | 0    | 0    | -    | -    | -     | 0    | 0    | 
|matrix_math | A*B            | 18     | 16     | -      | -      | 48     | 0    | 0    | -    | -    | -     | 0    | 0    | 
|matrix_math | (PCIN>>17)+A*B | 16     | 16     | -      | -      | 48     | 0    | 0    | -    | -    | -     | 0    | 0    | 
|matrix_math | A*B            | 18     | 18     | -      | -      | 48     | 0    | 0    | -    | -    | -     | 0    | 0    | 
|matrix_math | (PCIN>>17)+A*B | 18     | 16     | -      | -      | 48     | 0    | 0    | -    | -    | -     | 0    | 0    | 
|matrix_math | A*B            | 18     | 16     | -      | -      | 48     | 0    | 0    | -    | -    | -     | 0    | 0    | 
|matrix_math | (PCIN>>17)+A*B | 16     | 16     | -      | -      | 48     | 0    | 0    | -    | -    | -     | 0    | 0    | 
|matrix_math | A*B            | 18     | 18     | -      | -      | 48     | 0    | 0    | -    | -    | -     | 0    | 0    | 
|matrix_math | (PCIN>>17)+A*B | 18     | 16     | -      | -      | 48     | 0    | 0    | -    | -    | -     | 0    | 0    | 
|matrix_math | A*B            | 18     | 16     | -      | -      | 48     | 0    | 0    | -    | -    | -     | 0    | 0    | 
|matrix_math | (PCIN>>17)+A*B | 16     | 16     | -      | -      | 48     | 0    | 0    | -    | -    | -     | 0    | 0    | 
|matrix_math | A*B            | 18     | 18     | -      | -      | 48     | 0    | 0    | -    | -    | -     | 0    | 0    | 
|matrix_math | (PCIN>>17)+A*B | 18     | 16     | -      | -      | 48     | 0    | 0    | -    | -    | -     | 0    | 0    | 
|matrix_math | A*B            | 18     | 16     | -      | -      | 48     | 0    | 0    | -    | -    | -     | 0    | 0    | 
|matrix_math | (PCIN>>17)+A*B | 16     | 16     | -      | -      | 48     | 0    | 0    | -    | -    | -     | 0    | 0    | 
|matrix_math | A*B            | 18     | 18     | -      | -      | 48     | 0    | 0    | -    | -    | -     | 0    | 0    | 
|matrix_math | (PCIN>>17)+A*B | 18     | 16     | -      | -      | 48     | 0    | 0    | -    | -    | -     | 0    | 0    | 
|matrix_math | A*B            | 18     | 16     | -      | -      | 48     | 0    | 0    | -    | -    | -     | 0    | 0    | 
|matrix_math | (PCIN>>17)+A*B | 16     | 16     | -      | -      | 48     | 0    | 0    | -    | -    | -     | 0    | 0    | 
|matrix_math | A*B            | 18     | 18     | -      | -      | 48     | 0    | 0    | -    | -    | -     | 0    | 0    | 
|matrix_math | (PCIN>>17)+A*B | 18     | 16     | -      | -      | 48     | 0    | 0    | -    | -    | -     | 0    | 0    | 
|matrix_math | A*B            | 18     | 16     | -      | -      | 48     | 0    | 0    | -    | -    | -     | 0    | 0    | 
|matrix_math | (PCIN>>17)+A*B | 16     | 16     | -      | -      | 48     | 0    | 0    | -    | -    | -     | 0    | 0    | 
|matrix_math | A*B            | 18     | 18     | -      | -      | 48     | 0    | 0    | -    | -    | -     | 0    | 0    | 
|matrix_math | (PCIN>>17)+A*B | 18     | 16     | -      | -      | 48     | 0    | 0    | -    | -    | -     | 0    | 0    | 
|matrix_math | A*B            | 18     | 16     | -      | -      | 48     | 0    | 0    | -    | -    | -     | 0    | 0    | 
|matrix_math | (PCIN>>17)+A*B | 16     | 16     | -      | -      | 48     | 0    | 0    | -    | -    | -     | 0    | 0    | 
|matrix_math | A*B            | 18     | 18     | -      | -      | 48     | 0    | 0    | -    | -    | -     | 0    | 0    | 
|matrix_math | (PCIN>>17)+A*B | 18     | 16     | -      | -      | 48     | 0    | 0    | -    | -    | -     | 0    | 0    | 
|matrix_math | A*B            | 18     | 16     | -      | -      | 48     | 0    | 0    | -    | -    | -     | 0    | 0    | 
|matrix_math | (PCIN>>17)+A*B | 16     | 16     | -      | -      | 48     | 0    | 0    | -    | -    | -     | 0    | 0    | 
|matrix_math | A*B            | 18     | 18     | -      | -      | 48     | 0    | 0    | -    | -    | -     | 0    | 0    | 
|matrix_math | (PCIN>>17)+A*B | 18     | 16     | -      | -      | 48     | 0    | 0    | -    | -    | -     | 0    | 0    | 
|matrix_math | A*B            | 18     | 16     | -      | -      | 48     | 0    | 0    | -    | -    | -     | 0    | 0    | 
|matrix_math | (PCIN>>17)+A*B | 16     | 16     | -      | -      | 48     | 0    | 0    | -    | -    | -     | 0    | 0    | 
|matrix_math | A*B            | 18     | 18     | -      | -      | 48     | 0    | 0    | -    | -    | -     | 0    | 0    | 
|matrix_math | (PCIN>>17)+A*B | 18     | 16     | -      | -      | 48     | 0    | 0    | -    | -    | -     | 0    | 0    | 
|matrix_math | A*B            | 18     | 16     | -      | -      | 48     | 0    | 0    | -    | -    | -     | 0    | 0    | 
|matrix_math | (PCIN>>17)+A*B | 16     | 16     | -      | -      | 48     | 0    | 0    | -    | -    | -     | 0    | 0    | 
|matrix_math | A*B            | 18     | 18     | -      | -      | 48     | 0    | 0    | -    | -    | -     | 0    | 0    | 
|matrix_math | (PCIN>>17)+A*B | 18     | 16     | -      | -      | 48     | 0    | 0    | -    | -    | -     | 0    | 0    | 
|matrix_math | A*B            | 18     | 16     | -      | -      | 48     | 0    | 0    | -    | -    | -     | 0    | 0    | 
|matrix_math | (PCIN>>17)+A*B | 16     | 16     | -      | -      | 48     | 0    | 0    | -    | -    | -     | 0    | 0    | 
|matrix_math | A*B            | 18     | 18     | -      | -      | 48     | 0    | 0    | -    | -    | -     | 0    | 0    | 
|matrix_math | (PCIN>>17)+A*B | 18     | 16     | -      | -      | 48     | 0    | 0    | -    | -    | -     | 0    | 0    | 
|matrix_math | A*B            | 18     | 16     | -      | -      | 48     | 0    | 0    | -    | -    | -     | 0    | 0    | 
|matrix_math | (PCIN>>17)+A*B | 16     | 16     | -      | -      | 48     | 0    | 0    | -    | -    | -     | 0    | 0    | 
|matrix_math | A*B            | 18     | 18     | -      | -      | 48     | 0    | 0    | -    | -    | -     | 0    | 0    | 
|matrix_math | (PCIN>>17)+A*B | 18     | 16     | -      | -      | 48     | 0    | 0    | -    | -    | -     | 0    | 0    | 
+------------+----------------+--------+--------+--------+--------+--------+------+------+------+------+-------+------+------+

Note: The table above is a preliminary report that shows the DSPs inferred at the current stage of the synthesis flow. Some DSP may be reimplemented as non DSP primitives later in the synthesis flow. Multiple instantiated DSPs are reported only once.
---------------------------------------------------------------------------------
Finished ROM, RAM, DSP and Shift Register Reporting
---------------------------------------------------------------------------------
INFO: [Synth 8-6837] The timing for the instance i_78/testmem/ram_reg (implemented as a Block RAM) might be sub-optimal as no optional output register could be merged into the block ram. Providing additional output register may help in improving timing.

Report RTL Partitions: 
+-+--------------+------------+----------+
| |RTL Partition |Replication |Instances |
+-+--------------+------------+----------+
+-+--------------+------------+----------+
---------------------------------------------------------------------------------
Start Applying XDC Timing Constraints
---------------------------------------------------------------------------------
INFO: [Synth 8-5578] Moved timing constraint from pin 'sys_clk/clk_out1' to pin 'sys_clk/bbstub_clk_out1/O'
INFO: [Synth 8-5819] Moved 1 constraints on hierarchical pins to their respective driving/loading pins
---------------------------------------------------------------------------------
Finished Applying XDC Timing Constraints : Time (s): cpu = 00:00:08 ; elapsed = 00:00:15 . Memory (MB): peak = 976.094 ; gain = 399.801
---------------------------------------------------------------------------------
---------------------------------------------------------------------------------
Start Timing Optimization
---------------------------------------------------------------------------------
---------------------------------------------------------------------------------
Finished Timing Optimization : Time (s): cpu = 00:00:08 ; elapsed = 00:00:16 . Memory (MB): peak = 990.637 ; gain = 414.344
---------------------------------------------------------------------------------
---------------------------------------------------------------------------------
Start ROM, RAM, DSP and Shift Register Reporting
---------------------------------------------------------------------------------

Block RAM: Final Mapping  Report
+------------+------------+------------------------+---+---+------------------------+---+---+------------------+--------+--------+
|Module Name | RTL Object | PORT A (Depth x Width) | W | R | PORT B (Depth x Width) | W | R | Ports driving FF | RAMB18 | RAMB36 | 
+------------+------------+------------------------+---+---+------------------------+---+---+------------------+--------+--------+
|ram_dual:   | ram_reg    | 1 K x 32(READ_FIRST)   | W | R | 1 K x 32(READ_FIRST)   | W | R | Port A and B     | 0      | 1      | 
+------------+------------+------------------------+---+---+------------------------+---+---+------------------+--------+--------+

---------------------------------------------------------------------------------
Finished ROM, RAM, DSP and Shift Register Reporting
---------------------------------------------------------------------------------

Report RTL Partitions: 
+-+--------------+------------+----------+
| |RTL Partition |Replication |Instances |
+-+--------------+------------+----------+
+-+--------------+------------+----------+
---------------------------------------------------------------------------------
Start Technology Mapping
---------------------------------------------------------------------------------
INFO: [Synth 8-5844] Detected registers with asynchronous reset at DSP/BRAM block boundary. Consider using synchronous reset for optimal packing [C:/ProgsData/Data/Labs/Vivado/activecore/designs/rtl/udm/syn/NEXYS4_DDR/NEXYS4_DDR.srcs/sources_1/new/matrix_math.sv:37]
INFO: [Synth 8-5844] Detected registers with asynchronous reset at DSP/BRAM block boundary. Consider using synchronous reset for optimal packing [C:/ProgsData/Data/Labs/Vivado/activecore/designs/rtl/udm/syn/NEXYS4_DDR/NEXYS4_DDR.srcs/sources_1/new/matrix_math.sv:37]
INFO: [Synth 8-5844] Detected registers with asynchronous reset at DSP/BRAM block boundary. Consider using synchronous reset for optimal packing [C:/ProgsData/Data/Labs/Vivado/activecore/designs/rtl/udm/syn/NEXYS4_DDR/NEXYS4_DDR.srcs/sources_1/new/matrix_math.sv:37]
INFO: [Synth 8-5844] Detected registers with asynchronous reset at DSP/BRAM block boundary. Consider using synchronous reset for optimal packing [C:/ProgsData/Data/Labs/Vivado/activecore/designs/rtl/udm/syn/NEXYS4_DDR/NEXYS4_DDR.srcs/sources_1/new/matrix_math.sv:37]
INFO: [Synth 8-5844] Detected registers with asynchronous reset at DSP/BRAM block boundary. Consider using synchronous reset for optimal packing [C:/ProgsData/Data/Labs/Vivado/activecore/designs/rtl/udm/syn/NEXYS4_DDR/NEXYS4_DDR.srcs/sources_1/new/matrix_math.sv:37]
INFO: [Synth 8-5844] Detected registers with asynchronous reset at DSP/BRAM block boundary. Consider using synchronous reset for optimal packing [C:/ProgsData/Data/Labs/Vivado/activecore/designs/rtl/udm/syn/NEXYS4_DDR/NEXYS4_DDR.srcs/sources_1/new/matrix_math.sv:37]
INFO: [Synth 8-5844] Detected registers with asynchronous reset at DSP/BRAM block boundary. Consider using synchronous reset for optimal packing [C:/ProgsData/Data/Labs/Vivado/activecore/designs/rtl/udm/syn/NEXYS4_DDR/NEXYS4_DDR.srcs/sources_1/new/matrix_math.sv:37]
INFO: [Synth 8-5844] Detected registers with asynchronous reset at DSP/BRAM block boundary. Consider using synchronous reset for optimal packing [C:/ProgsData/Data/Labs/Vivado/activecore/designs/rtl/udm/syn/NEXYS4_DDR/NEXYS4_DDR.srcs/sources_1/new/matrix_math.sv:37]
INFO: [Synth 8-5844] Detected registers with asynchronous reset at DSP/BRAM block boundary. Consider using synchronous reset for optimal packing [C:/ProgsData/Data/Labs/Vivado/activecore/designs/rtl/udm/syn/NEXYS4_DDR/NEXYS4_DDR.srcs/sources_1/new/matrix_math.sv:37]
INFO: [Synth 8-5844] Detected registers with asynchronous reset at DSP/BRAM block boundary. Consider using synchronous reset for optimal packing [C:/ProgsData/Data/Labs/Vivado/activecore/designs/rtl/udm/syn/NEXYS4_DDR/NEXYS4_DDR.srcs/sources_1/new/matrix_math.sv:37]
INFO: [Synth 8-5844] Detected registers with asynchronous reset at DSP/BRAM block boundary. Consider using synchronous reset for optimal packing [C:/ProgsData/Data/Labs/Vivado/activecore/designs/rtl/udm/syn/NEXYS4_DDR/NEXYS4_DDR.srcs/sources_1/new/matrix_math.sv:37]
INFO: [Synth 8-5844] Detected registers with asynchronous reset at DSP/BRAM block boundary. Consider using synchronous reset for optimal packing [C:/ProgsData/Data/Labs/Vivado/activecore/designs/rtl/udm/syn/NEXYS4_DDR/NEXYS4_DDR.srcs/sources_1/new/matrix_math.sv:37]
INFO: [Synth 8-5844] Detected registers with asynchronous reset at DSP/BRAM block boundary. Consider using synchronous reset for optimal packing [C:/ProgsData/Data/Labs/Vivado/activecore/designs/rtl/udm/syn/NEXYS4_DDR/NEXYS4_DDR.srcs/sources_1/new/matrix_math.sv:37]
INFO: [Synth 8-5844] Detected registers with asynchronous reset at DSP/BRAM block boundary. Consider using synchronous reset for optimal packing [C:/ProgsData/Data/Labs/Vivado/activecore/designs/rtl/udm/syn/NEXYS4_DDR/NEXYS4_DDR.srcs/sources_1/new/matrix_math.sv:37]
INFO: [Synth 8-5844] Detected registers with asynchronous reset at DSP/BRAM block boundary. Consider using synchronous reset for optimal packing [C:/ProgsData/Data/Labs/Vivado/activecore/designs/rtl/udm/syn/NEXYS4_DDR/NEXYS4_DDR.srcs/sources_1/new/matrix_math.sv:37]
INFO: [Synth 8-5844] Detected registers with asynchronous reset at DSP/BRAM block boundary. Consider using synchronous reset for optimal packing [C:/ProgsData/Data/Labs/Vivado/activecore/designs/rtl/udm/syn/NEXYS4_DDR/NEXYS4_DDR.srcs/sources_1/new/matrix_math.sv:37]
INFO: [Synth 8-5844] Detected registers with asynchronous reset at DSP/BRAM block boundary. Consider using synchronous reset for optimal packing [C:/ProgsData/Data/Labs/Vivado/activecore/designs/rtl/udm/syn/NEXYS4_DDR/NEXYS4_DDR.srcs/sources_1/new/matrix_math.sv:37]
INFO: [Synth 8-5844] Detected registers with asynchronous reset at DSP/BRAM block boundary. Consider using synchronous reset for optimal packing [C:/ProgsData/Data/Labs/Vivado/activecore/designs/rtl/udm/syn/NEXYS4_DDR/NEXYS4_DDR.srcs/sources_1/new/matrix_math.sv:37]
INFO: [Synth 8-5844] Detected registers with asynchronous reset at DSP/BRAM block boundary. Consider using synchronous reset for optimal packing [C:/ProgsData/Data/Labs/Vivado/activecore/designs/rtl/udm/syn/NEXYS4_DDR/NEXYS4_DDR.srcs/sources_1/new/matrix_math.sv:37]
INFO: [Synth 8-5844] Detected registers with asynchronous reset at DSP/BRAM block boundary. Consider using synchronous reset for optimal packing [C:/ProgsData/Data/Labs/Vivado/activecore/designs/rtl/udm/syn/NEXYS4_DDR/NEXYS4_DDR.srcs/sources_1/new/matrix_math.sv:37]
INFO: [Synth 8-5844] Detected registers with asynchronous reset at DSP/BRAM block boundary. Consider using synchronous reset for optimal packing [C:/ProgsData/Data/Labs/Vivado/activecore/designs/rtl/udm/syn/NEXYS4_DDR/NEXYS4_DDR.srcs/sources_1/new/matrix_math.sv:37]
INFO: [Synth 8-5844] Detected registers with asynchronous reset at DSP/BRAM block boundary. Consider using synchronous reset for optimal packing [C:/ProgsData/Data/Labs/Vivado/activecore/designs/rtl/udm/syn/NEXYS4_DDR/NEXYS4_DDR.srcs/sources_1/new/matrix_math.sv:37]
INFO: [Synth 8-5844] Detected registers with asynchronous reset at DSP/BRAM block boundary. Consider using synchronous reset for optimal packing [C:/ProgsData/Data/Labs/Vivado/activecore/designs/rtl/udm/syn/NEXYS4_DDR/NEXYS4_DDR.srcs/sources_1/new/matrix_math.sv:37]
INFO: [Synth 8-5844] Detected registers with asynchronous reset at DSP/BRAM block boundary. Consider using synchronous reset for optimal packing [C:/ProgsData/Data/Labs/Vivado/activecore/designs/rtl/udm/syn/NEXYS4_DDR/NEXYS4_DDR.srcs/sources_1/new/matrix_math.sv:37]
INFO: [Synth 8-5844] Detected registers with asynchronous reset at DSP/BRAM block boundary. Consider using synchronous reset for optimal packing [C:/ProgsData/Data/Labs/Vivado/activecore/designs/rtl/udm/syn/NEXYS4_DDR/NEXYS4_DDR.srcs/sources_1/new/matrix_math.sv:37]
INFO: [Synth 8-5844] Detected registers with asynchronous reset at DSP/BRAM block boundary. Consider using synchronous reset for optimal packing [C:/ProgsData/Data/Labs/Vivado/activecore/designs/rtl/udm/syn/NEXYS4_DDR/NEXYS4_DDR.srcs/sources_1/new/matrix_math.sv:37]
INFO: [Synth 8-5844] Detected registers with asynchronous reset at DSP/BRAM block boundary. Consider using synchronous reset for optimal packing [C:/ProgsData/Data/Labs/Vivado/activecore/designs/rtl/udm/syn/NEXYS4_DDR/NEXYS4_DDR.srcs/sources_1/new/matrix_math.sv:37]
INFO: [Synth 8-5844] Detected registers with asynchronous reset at DSP/BRAM block boundary. Consider using synchronous reset for optimal packing [C:/ProgsData/Data/Labs/Vivado/activecore/designs/rtl/udm/syn/NEXYS4_DDR/NEXYS4_DDR.srcs/sources_1/new/matrix_math.sv:37]
INFO: [Synth 8-5844] Detected registers with asynchronous reset at DSP/BRAM block boundary. Consider using synchronous reset for optimal packing [C:/ProgsData/Data/Labs/Vivado/activecore/designs/rtl/udm/syn/NEXYS4_DDR/NEXYS4_DDR.srcs/sources_1/new/matrix_math.sv:37]
INFO: [Synth 8-5844] Detected registers with asynchronous reset at DSP/BRAM block boundary. Consider using synchronous reset for optimal packing [C:/ProgsData/Data/Labs/Vivado/activecore/designs/rtl/udm/syn/NEXYS4_DDR/NEXYS4_DDR.srcs/sources_1/new/matrix_math.sv:37]
INFO: [Synth 8-5844] Detected registers with asynchronous reset at DSP/BRAM block boundary. Consider using synchronous reset for optimal packing [C:/ProgsData/Data/Labs/Vivado/activecore/designs/rtl/udm/syn/NEXYS4_DDR/NEXYS4_DDR.srcs/sources_1/new/matrix_math.sv:37]
INFO: [Synth 8-5844] Detected registers with asynchronous reset at DSP/BRAM block boundary. Consider using synchronous reset for optimal packing [C:/ProgsData/Data/Labs/Vivado/activecore/designs/rtl/udm/syn/NEXYS4_DDR/NEXYS4_DDR.srcs/sources_1/new/matrix_math.sv:37]
INFO: [Synth 8-3886] merging instance 'i_3718' (FDC) to 'i_4150'
INFO: [Synth 8-3886] merging instance 'i_3734' (FDC) to 'i_4150'
INFO: [Synth 8-3886] merging instance 'i_3686' (FDC) to 'i_4150'
INFO: [Synth 8-3886] merging instance 'i_3702' (FDC) to 'i_4150'
INFO: [Synth 8-3886] merging instance 'i_3654' (FDC) to 'i_4150'
INFO: [Synth 8-3886] merging instance 'i_3670' (FDC) to 'i_4150'
INFO: [Synth 8-3886] merging instance 'i_3750' (FDC) to 'i_4150'
INFO: [Synth 8-3886] merging instance 'i_3766' (FDC) to 'i_4150'
INFO: [Synth 8-3886] merging instance 'i_3974' (FDC) to 'i_4150'
INFO: [Synth 8-3886] merging instance 'i_3990' (FDC) to 'i_4150'
INFO: [Synth 8-3886] merging instance 'i_3942' (FDC) to 'i_4150'
INFO: [Synth 8-3886] merging instance 'i_3958' (FDC) to 'i_4150'
INFO: [Synth 8-3886] merging instance 'i_3910' (FDC) to 'i_4150'
INFO: [Synth 8-3886] merging instance 'i_3926' (FDC) to 'i_4150'
INFO: [Synth 8-3886] merging instance 'i_4006' (FDC) to 'i_4150'
INFO: [Synth 8-3886] merging instance 'i_4022' (FDC) to 'i_4150'
INFO: [Synth 8-3886] merging instance 'i_3846' (FDC) to 'i_4150'
INFO: [Synth 8-3886] merging instance 'i_3862' (FDC) to 'i_4150'
INFO: [Synth 8-3886] merging instance 'i_3814' (FDC) to 'i_4150'
INFO: [Synth 8-3886] merging instance 'i_3830' (FDC) to 'i_4150'
INFO: [Synth 8-3886] merging instance 'i_3782' (FDC) to 'i_4150'
INFO: [Synth 8-3886] merging instance 'i_3798' (FDC) to 'i_4150'
INFO: [Synth 8-3886] merging instance 'i_3878' (FDC) to 'i_4150'
INFO: [Synth 8-3886] merging instance 'i_3894' (FDC) to 'i_4150'
INFO: [Synth 8-3886] merging instance 'i_4102' (FDC) to 'i_4150'
INFO: [Synth 8-3886] merging instance 'i_4118' (FDC) to 'i_4150'
INFO: [Synth 8-3886] merging instance 'i_4070' (FDC) to 'i_4150'
INFO: [Synth 8-3886] merging instance 'i_4086' (FDC) to 'i_4150'
INFO: [Synth 8-3886] merging instance 'i_4038' (FDC) to 'i_4150'
INFO: [Synth 8-3886] merging instance 'i_4054' (FDC) to 'i_4150'
INFO: [Synth 8-3886] merging instance 'i_4134' (FDC) to 'i_4150'
INFO: [Synth 8-6837] The timing for the instance testmem/ram_reg (implemented as a Block RAM) might be sub-optimal as no optional output register could be merged into the block ram. Providing additional output register may help in improving timing.
---------------------------------------------------------------------------------
Finished Technology Mapping : Time (s): cpu = 00:00:09 ; elapsed = 00:00:18 . Memory (MB): peak = 1031.969 ; gain = 455.676
---------------------------------------------------------------------------------

Report RTL Partitions: 
+-+--------------+------------+----------+
| |RTL Partition |Replication |Instances |
+-+--------------+------------+----------+
+-+--------------+------------+----------+
---------------------------------------------------------------------------------
Start IO Insertion
---------------------------------------------------------------------------------
---------------------------------------------------------------------------------
Start Flattening Before IO Insertion
---------------------------------------------------------------------------------
---------------------------------------------------------------------------------
Finished Flattening Before IO Insertion
---------------------------------------------------------------------------------
---------------------------------------------------------------------------------
Start Final Netlist Cleanup
---------------------------------------------------------------------------------
---------------------------------------------------------------------------------
Finished Final Netlist Cleanup
---------------------------------------------------------------------------------
---------------------------------------------------------------------------------
Finished IO Insertion : Time (s): cpu = 00:00:09 ; elapsed = 00:00:19 . Memory (MB): peak = 1033.191 ; gain = 456.898
---------------------------------------------------------------------------------

Report Check Netlist: 
+------+------------------+-------+---------+-------+------------------+
|      |Item              |Errors |Warnings |Status |Description       |
+------+------------------+-------+---------+-------+------------------+
|1     |multi_driven_nets |      0|        0|Passed |Multi driven nets |
+------+------------------+-------+---------+-------+------------------+
---------------------------------------------------------------------------------
Start Renaming Generated Instances
---------------------------------------------------------------------------------
---------------------------------------------------------------------------------
Finished Renaming Generated Instances : Time (s): cpu = 00:00:09 ; elapsed = 00:00:19 . Memory (MB): peak = 1033.191 ; gain = 456.898
---------------------------------------------------------------------------------

Report RTL Partitions: 
+-+--------------+------------+----------+
| |RTL Partition |Replication |Instances |
+-+--------------+------------+----------+
+-+--------------+------------+----------+
---------------------------------------------------------------------------------
Start Rebuilding User Hierarchy
---------------------------------------------------------------------------------
---------------------------------------------------------------------------------
Finished Rebuilding User Hierarchy : Time (s): cpu = 00:00:09 ; elapsed = 00:00:19 . Memory (MB): peak = 1033.191 ; gain = 456.898
---------------------------------------------------------------------------------
---------------------------------------------------------------------------------
Start Renaming Generated Ports
---------------------------------------------------------------------------------
---------------------------------------------------------------------------------
Finished Renaming Generated Ports : Time (s): cpu = 00:00:09 ; elapsed = 00:00:19 . Memory (MB): peak = 1033.191 ; gain = 456.898
---------------------------------------------------------------------------------
---------------------------------------------------------------------------------
Start Handling Custom Attributes
---------------------------------------------------------------------------------
---------------------------------------------------------------------------------
Finished Handling Custom Attributes : Time (s): cpu = 00:00:09 ; elapsed = 00:00:19 . Memory (MB): peak = 1033.207 ; gain = 456.914
---------------------------------------------------------------------------------
---------------------------------------------------------------------------------
Start Renaming Generated Nets
---------------------------------------------------------------------------------
---------------------------------------------------------------------------------
Finished Renaming Generated Nets : Time (s): cpu = 00:00:09 ; elapsed = 00:00:19 . Memory (MB): peak = 1033.207 ; gain = 456.914
---------------------------------------------------------------------------------
---------------------------------------------------------------------------------
Start Writing Synthesis Report
---------------------------------------------------------------------------------

Report BlackBoxes: 
+------+--------------+----------+
|      |BlackBox name |Instances |
+------+--------------+----------+
|1     |sys_clk       |         1|
+------+--------------+----------+

Report Cell Usage: 
+------+----------+------+
|      |Cell      |Count |
+------+----------+------+
|1     |sys_clk   |     1|
|2     |CARRY4    |   148|
|3     |DSP48E1_1 |    16|
|4     |DSP48E1_2 |    32|
|5     |LUT1      |    35|
|6     |LUT2      |   267|
|7     |LUT3      |   477|
|8     |LUT4      |   132|
|9     |LUT5      |   168|
|10    |LUT6      |   337|
|11    |RAMB36E1  |     1|
|12    |FDCE      |   404|
|13    |FDPE      |     4|
|14    |FDRE      |   402|
|15    |FDSE      |    19|
|16    |IBUF      |    18|
|17    |OBUF      |    17|
+------+----------+------+

Report Instance Areas: 
+------+-------------------+---------------+------+
|      |Instance           |Module         |Cells |
+------+-------------------+---------------+------+
|1     |top                |               |  2479|
|2     |  matrix_math      |matrix_math    |  1413|
|3     |  reset_sync       |reset_sync     |     7|
|4     |  testmem          |ram_dual       |     9|
|5     |  udm              |udm            |   957|
|6     |    uart_rx        |uart_rx        |   199|
|7     |    uart_tx        |uart_tx        |   126|
|8     |    udm_controller |udm_controller |   632|
+------+-------------------+---------------+------+
---------------------------------------------------------------------------------
Finished Writing Synthesis Report : Time (s): cpu = 00:00:09 ; elapsed = 00:00:19 . Memory (MB): peak = 1033.207 ; gain = 456.914
---------------------------------------------------------------------------------
Synthesis finished with 0 errors, 0 critical warnings and 2321 warnings.
Synthesis Optimization Runtime : Time (s): cpu = 00:00:08 ; elapsed = 00:00:18 . Memory (MB): peak = 1033.207 ; gain = 314.484
Synthesis Optimization Complete : Time (s): cpu = 00:00:10 ; elapsed = 00:00:19 . Memory (MB): peak = 1033.207 ; gain = 456.914
INFO: [Project 1-571] Translating synthesized netlist
INFO: [Netlist 29-17] Analyzing 197 Unisim elements for replacement
INFO: [Netlist 29-28] Unisim Transformation completed in 0 CPU seconds
INFO: [Project 1-570] Preparing netlist for logic optimization
INFO: [Opt 31-138] Pushed 0 inverter(s) to 0 load pin(s).
Netlist sorting complete. Time (s): cpu = 00:00:00 ; elapsed = 00:00:00 . Memory (MB): peak = 1033.207 ; gain = 0.000
INFO: [Project 1-111] Unisim Transformation Summary:
No Unisim elements were transformed.

INFO: [Common 17-83] Releasing license: Synthesis
126 Infos, 106 Warnings, 0 Critical Warnings and 0 Errors encountered.
synth_design completed successfully
synth_design: Time (s): cpu = 00:00:11 ; elapsed = 00:00:24 . Memory (MB): peak = 1033.207 ; gain = 717.609
Netlist sorting complete. Time (s): cpu = 00:00:00 ; elapsed = 00:00:00 . Memory (MB): peak = 1033.207 ; gain = 0.000
WARNING: [Constraints 18-5210] No constraints selected for write.
Resolution: This message can indicate that there are no constraints for the design, or it can indicate that the used_in flags are set such that the constraints are ignored. This later case is used when running synth_design to not write synthesis constraints to the resulting checkpoint. Instead, project constraints are read when the synthesized design is opened.
INFO: [Common 17-1381] The checkpoint 'C:/ProgsData/Data/Labs/Vivado/activecore/designs/rtl/udm/syn/NEXYS4_DDR/NEXYS4_DDR.runs/synth_1/NEXYS4_DDR.dcp' has been generated.
INFO: [runtcl-4] Executing : report_utilization -file NEXYS4_DDR_utilization_synth.rpt -pb NEXYS4_DDR_utilization_synth.pb
INFO: [Common 17-206] Exiting Vivado at Thu Nov  7 15:42:13 2024...
